<?xml version="1.0" encoding="UTF-8"?>
<testsuite xmlns:xsi="http://www.w3.org/2001/XMLSchema-instance" xsi:noNamespaceSchemaLocation="https://maven.apache.org/surefire/maven-surefire-plugin/xsd/surefire-test-report-3.0.xsd" version="3.0" name="com.insurance.policyservice.service.PolicyServiceImplTest" time="11.33" tests="13" errors="0" skipped="0" failures="0">
  <properties>
[...]
</properties>
  <testcase name="getPoliciesForCustomerReturnsMappedResponses" classname="com.insurance.policyservice.service.PolicyServiceImplTest" time="11.262"/>
  <testcase name="purchasePolicyThrowsBadRequestForInvalidDates" classname="com.insurance.policyservice.service.PolicyServiceImplTest" time="0.002"/>
  <testcase name="getPolicyByIdThrowsForbiddenForDifferentCustomer" classname="com.insurance.policyservice.service.PolicyServiceImplTest" time="0.002"/>
  <testcase name="getPolicyByIdUpdatesStatusWhenOutdated" classname="com.insurance.policyservice.service.PolicyServiceImplTest" time="0.007">
    <system-out><![CDATA[01:03:01.851 [main] INFO com.insurance.policyservice.service.impl.PolicyServiceImpl -- Policy status updated. policyNumber=POL-1, newStatus=ACTIVE
]]></system-out>
  </testcase>
  <testcase name="createPolicyForAdminRequiresAdminRole" classname="com.insurance.policyservice.service.PolicyServiceImplTest" time="0.003"/>
  <testcase name="purchasePolicyCreatesPolicyForCustomer" classname="com.insurance.policyservice.service.PolicyServiceImplTest" time="0.019">
    <system-out><![CDATA[01:03:01.875 [main] INFO com.insurance.policyservice.service.impl.PolicyServiceImpl -- Policy purchased successfully. policyNumber=POL-9838890E, customerEmail=user@test.com
]]></system-out>
  </testcase>
  <testcase name="getPolicyByIdThrowsWhenMissing" classname="com.insurance.policyservice.service.PolicyServiceImplTest" time="0.001"/>
  <testcase name="purchasePolicyThrowsForbiddenWhenEmailMismatch" classname="com.insurance.policyservice.service.PolicyServiceImplTest" time="0.001"/>
  <testcase name="updatePolicyForAdminThrowsWhenPolicyMissing" classname="com.insurance.policyservice.service.PolicyServiceImplTest" time="0.001"/>
  <testcase name="deletePolicyForAdminDeletesWhenFound" classname="com.insurance.policyservice.service.PolicyServiceImplTest" time="0.001">
    <system-out><![CDATA[01:03:01.886 [main] INFO com.insurance.policyservice.service.impl.PolicyServiceImpl -- Admin deleted policy. policyNumber=POL-1
]]></system-out>
  </testcase>
  <testcase name="getPoliciesForCustomerThrowsWhenRoleMissing" classname="com.insurance.policyservice.service.PolicyServiceImplTest" time="0.001"/>
  <testcase name="purchasePolicyThrowsWhenUserIsNotRegistered" classname="com.insurance.policyservice.service.PolicyServiceImplTest" time="0.002">
    <system-out><![CDATA[01:03:01.891 [main] WARN com.insurance.policyservice.service.impl.PolicyServiceImpl -- User validation failed. customerEmail=user@test.com
]]></system-out>
  </testcase>
  <testcase name="getPolicySummaryReturnsCountsForAdmin" classname="com.insurance.policyservice.service.PolicyServiceImplTest" time="0.001"/>
</testsuite>