<?xml version="1.0" encoding="UTF-8"?>
<testsuite xmlns:xsi="http://www.w3.org/2001/XMLSchema-instance" xsi:noNamespaceSchemaLocation="https://maven.apache.org/surefire/maven-surefire-plugin/xsd/surefire-test-report-3.0.xsd" version="3.0" name="com.insurance.apigateway.service.GatewayInfoServiceImplTest" time="11.124" tests="2" errors="0" skipped="0" failures="0">
  <properties>
[...]
</properties>
  <testcase name="getGatewayInfoReturnsResponseWhenDataAvailable" classname="com.insurance.apigateway.service.GatewayInfoServiceImplTest" time="11.103">
    <system-out><![CDATA[01:02:37.523 [main] INFO com.insurance.apigateway.service.impl.GatewayInfoServiceImpl -- Gateway info loaded for service: api-gateway
]]></system-out>
  </testcase>
  <testcase name="getGatewayInfoThrowsWhenRepositoryReturnsNull" classname="com.insurance.apigateway.service.GatewayInfoServiceImplTest" time="0.004"/>
</testsuite>